14:13:15: XMLMeshSerializer reading mesh data from D:\source\repos\mHorseShoe0_0_1\assets\plane\Plane.mesh.xml...
14:13:15: Reading geometry...
14:13:15: Geometry done...
14:13:15: Reading submeshes...
14:13:15: Error: empty material name encountered. This violates the specs and can lead to crashes.
14:13:15: Submeshes done.
14:13:15: Reading mesh names...
14:13:15: Mesh names done.
14:13:15: XMLMeshSerializer import successful.
14:13:15: MeshSerializer writing mesh data to stream D:\source\repos\mHorseShoe0_0_1\assets\plane\Plane.mesh...
14:13:15: File header written.
14:13:15: Writing mesh data...
14:13:15: Writing submesh...
14:13:15: Submesh exported.
14:13:15: Exporting bounds information....
14:13:15: Bounds information exported.
14:13:15: Exporting submesh name table...
14:13:15: Submesh name table exported.
14:13:15: Mesh data exported.
14:13:15: MeshSerializer export successful.
