14:07:39: XMLMeshSerializer reading mesh data from D:\source\repos\mHorseShoe0_0_1\assets\better grass\Blade.mesh.xml...
14:07:39: Reading geometry...
14:07:39: Geometry done...
14:07:39: Reading submeshes...
14:07:39: Error: empty material name encountered. This violates the specs and can lead to crashes.
14:07:39: Submeshes done.
14:07:39: Reading mesh names...
14:07:39: Mesh names done.
14:07:39: XMLMeshSerializer import successful.
14:07:39: MeshSerializer writing mesh data to stream D:\source\repos\mHorseShoe0_0_1\assets\better grass\Blade.mesh...
14:07:39: File header written.
14:07:39: Writing mesh data...
14:07:39: Writing submesh...
14:07:39: Submesh exported.
14:07:39: Exporting bounds information....
14:07:39: Bounds information exported.
14:07:39: Exporting submesh name table...
14:07:39: Submesh name table exported.
14:07:39: Mesh data exported.
14:07:39: MeshSerializer export successful.
