23:46:33: XMLMeshSerializer reading mesh data from D:\source\repos\mHorseShoe0_0_1\assets\sphere\Sphere_up.mesh.xml...
23:46:33: Reading geometry...
23:46:33: Geometry done...
23:46:33: Reading submeshes...
23:46:33: Error: empty material name encountered. This violates the specs and can lead to crashes.
23:46:33: Submeshes done.
23:46:33: Reading mesh names...
23:46:33: Mesh names done.
23:46:33: XMLMeshSerializer import successful.
23:46:33: MeshSerializer writing mesh data to stream D:\source\repos\mHorseShoe0_0_1\assets\sphere\Sphere_up.mesh...
23:46:33: File header written.
23:46:33: Writing mesh data...
23:46:33: Writing submesh...
23:46:33: Submesh exported.
23:46:33: Exporting bounds information....
23:46:33: Bounds information exported.
23:46:33: Exporting submesh name table...
23:46:33: Submesh name table exported.
23:46:33: Mesh data exported.
23:46:33: MeshSerializer export successful.
