22:19:39: XMLMeshSerializer reading mesh data from D:\source\repos\mHorseShoe0_0_1\assets\grass\Blade2mesh.mesh.xml...
22:19:39: Reading geometry...
22:19:39: Geometry done...
22:19:39: Reading submeshes...
22:19:39: Error: empty material name encountered. This violates the specs and can lead to crashes.
22:19:39: Submeshes done.
22:19:39: Reading mesh names...
22:19:39: Mesh names done.
22:19:39: XMLMeshSerializer import successful.
22:19:39: MeshSerializer writing mesh data to stream D:\source\repos\mHorseShoe0_0_1\assets\grass\Blade2mesh.mesh...
22:19:39: File header written.
22:19:39: Writing mesh data...
22:19:39: Writing submesh...
22:19:39: Submesh exported.
22:19:39: Exporting bounds information....
22:19:39: Bounds information exported.
22:19:39: Exporting submesh name table...
22:19:39: Submesh name table exported.
22:19:39: Mesh data exported.
22:19:39: MeshSerializer export successful.
