11:23:07: XMLMeshSerializer reading mesh data from D:\source\repos\mHorseShoe0_0_1\assets\isoSphere\Icosphere.mesh.xml...
11:23:07: Reading geometry...
11:23:07: Geometry done...
11:23:07: Reading submeshes...
11:23:07: Error: empty material name encountered. This violates the specs and can lead to crashes.
11:23:07: Submeshes done.
11:23:07: Reading mesh names...
11:23:07: Mesh names done.
11:23:07: XMLMeshSerializer import successful.
11:23:07: MeshSerializer writing mesh data to stream D:\source\repos\mHorseShoe0_0_1\assets\isoSphere\Icosphere.mesh...
11:23:07: File header written.
11:23:07: Writing mesh data...
11:23:07: Writing submesh...
11:23:07: Submesh exported.
11:23:07: Exporting bounds information....
11:23:07: Bounds information exported.
11:23:07: Exporting submesh name table...
11:23:07: Submesh name table exported.
11:23:07: Mesh data exported.
11:23:07: MeshSerializer export successful.
